<?xml version="1.0" encoding="UTF-8"?>
<!-- Generated by org.testng.reporters.JUnitReportReporter -->
<testsuite hostname="DESKTOP-AHGNOB7" failures="1" tests="5" name="TestNG_Script.DemoParameters" time="0.052" errors="0" timestamp="2024-02-24T11:54:43 IST" skipped="0">
  <testcase classname="TestNG_Script.DemoParameters" name="compose" time="0.023">
    <system-out>
      <![CDATA[Message created]]>
    </system-out>
  </testcase> <!-- compose -->
  <testcase classname="TestNG_Script.DemoParameters" name="compose" time="0.007">
    <system-out>
      <![CDATA[Message created]]>
    </system-out>
  </testcase> <!-- compose -->
  <testcase classname="TestNG_Script.DemoParameters" name="sent" time="0.010">
    <failure message="null" type="java.lang.AssertionError">
      <![CDATA[java.lang.AssertionError: null
at org.testng.Assert.fail(Assert.java:111)
at org.testng.Assert.fail(Assert.java:116)
at TestNG_Script.DemoParameters.sent(DemoParameters.java:20)
at java.base/jdk.internal.reflect.NativeMethodAccessorImpl.invoke0(Native Method)
at java.base/jdk.internal.reflect.NativeMethodAccessorImpl.invoke(NativeMethodAccessorImpl.java:77)
at java.base/jdk.internal.reflect.DelegatingMethodAccessorImpl.invoke(DelegatingMethodAccessorImpl.java:43)
at java.base/java.lang.reflect.Method.invoke(Method.java:568)
at org.testng.internal.invokers.MethodInvocationHelper.invokeMethod(MethodInvocationHelper.java:139)
at org.testng.internal.invokers.TestInvoker.invokeMethod(TestInvoker.java:664)
at org.testng.internal.invokers.TestInvoker.invokeTestMethod(TestInvoker.java:228)
at org.testng.internal.invokers.MethodRunner.runInSequence(MethodRunner.java:63)
at org.testng.internal.invokers.TestInvoker$MethodInvocationAgent.invoke(TestInvoker.java:961)
at org.testng.internal.invokers.TestInvoker.invokeTestMethods(TestInvoker.java:201)
at org.testng.internal.invokers.TestMethodWorker.invokeTestMethods(TestMethodWorker.java:148)
at org.testng.internal.invokers.TestMethodWorker.run(TestMethodWorker.java:128)
at java.base/java.util.ArrayList.forEach(ArrayList.java:1511)
at org.testng.TestRunner.privateRun(TestRunner.java:819)
at org.testng.TestRunner.run(TestRunner.java:619)
at org.testng.SuiteRunner.runTest(SuiteRunner.java:443)
at org.testng.SuiteRunner.runSequentially(SuiteRunner.java:437)
at org.testng.SuiteRunner.privateRun(SuiteRunner.java:397)
at org.testng.SuiteRunner.run(SuiteRunner.java:336)
at org.testng.SuiteRunnerWorker.runSuite(SuiteRunnerWorker.java:52)
at org.testng.SuiteRunnerWorker.run(SuiteRunnerWorker.java:95)
at org.testng.TestNG.runSuitesSequentially(TestNG.java:1301)
at org.testng.TestNG.runSuitesLocally(TestNG.java:1228)
at org.testng.TestNG.runSuites(TestNG.java:1134)
at org.testng.TestNG.run(TestNG.java:1101)
at org.testng.remote.AbstractRemoteTestNG.run(AbstractRemoteTestNG.java:115)
at org.testng.remote.RemoteTestNG.initAndRun(RemoteTestNG.java:251)
at org.testng.remote.RemoteTestNG.main(RemoteTestNG.java:77)
]]>
    </failure>
    <system-out>
      <![CDATA[Message sent]]>
    </system-out>
  </testcase> <!-- sent -->
  <testcase classname="TestNG_Script.DemoParameters" name="compose" time="0.005">
    <system-out>
      <![CDATA[Message created]]>
    </system-out>
  </testcase> <!-- compose -->
  <testcase classname="TestNG_Script.DemoParameters" name="trash" time="0.007">
    <system-out>
      <![CDATA[Message deleted]]>
    </system-out>
  </testcase> <!-- trash -->
  <system-out>
    <![CDATA[Message created
Message created
Message created
Message sent
Message deleted]]>
  </system-out>
</testsuite> <!-- TestNG_Script.DemoParameters -->
